Flutter crash report.
Please report a bug at https://github.com/flutter/flutter/issues.

## command

flutter run -d chrome

## exception

DartDevelopmentServiceException: DartDevelopmentServiceException: Failed to start Dart Development Service

```
```

## flutter doctor

```
[32m[✓][39m Flutter (Channel stable, 3.38.4, on Microsoft Windows
    [Version 10.0.26100.7309], locale en-NA) [2.1s]
    [32m•[39m Flutter version 3.38.4 on channel stable at
      C:\Users\Polly\OneDrive\Documents\flutter
    [32m•[39m Upstream repository
      https://github.com/flutter/flutter.git
    [32m•[39m Framework revision 66dd93f9a2 (5 days ago),
      2025-12-03 14:56:10 -0800
    [32m•[39m Engine revision a5cb96369e
    [32m•[39m Dart version 3.10.3
    [32m•[39m DevTools version 2.51.1
    [32m•[39m Feature flags: enable-web, enable-linux-desktop,
      enable-macos-desktop, enable-windows-desktop,
      enable-android, enable-ios, cli-animations,
      enable-native-assets, omit-legacy-version-file,
      enable-lldb-debugging

[32m[✓][39m Windows Version (Windows 11 or higher, 24H2, 2009)
    [6.2s]

[31m[✗][39m Android toolchain - develop for Android devices
    [181ms]
    [31m✗[39m Unable to locate Android SDK.
      Install Android Studio from:
      https://developer.android.com/studio/index.html
      On first launch it will assist you in installing the
      Android SDK components.
      (or visit
      https://flutter.dev/to/windows-android-setup for
      detailed instructions).
      If the Android SDK has been installed to a custom
      location, please use
      `flutter config --android-sdk` to update to that
      location.


[32m[✓][39m Chrome - develop for the web [80ms]
    [32m•[39m Chrome at C:\Program
      Files\Google\Chrome\Application\chrome.exe

[31m[✗][39m Visual Studio - develop Windows apps [72ms]
    [31m✗[39m Visual Studio not installed; this is necessary to
      develop Windows apps.
      Download at
      https://visualstudio.microsoft.com/downloads/.
      Please install the "Desktop development with C++"
      workload, including all of its default components

[32m[✓][39m Connected device (3 available) [172ms]
    [32m•[39m Windows (desktop) • windows • windows-x64    •
      Microsoft Windows [Version 10.0.26100.7309]
    [32m•[39m Chrome (web)      • chrome  • web-javascript •
      Google Chrome 142.0.7444.177
    [32m•[39m Edge (web)        • edge    • web-javascript •
      Microsoft Edge 143.0.3650.66

[32m[✓][39m Network resources [1,280ms]
    [32m•[39m All expected network resources are available.

[33m![39m Doctor found issues in 2 categories.
```
